\BOOKMARK [0][-]{chapter.1}{Einleitung}{}% 1
\BOOKMARK [0][-]{chapter.2}{Menschliche Wahrnehmung}{}% 2
\BOOKMARK [1][-]{section.2.1}{Funktionsweise des menschlichen H\366rens}{chapter.2}% 3
\BOOKMARK [2][-]{subsection.2.1.1}{Schallverarbeitung im Ohr}{section.2.1}% 4
\BOOKMARK [2][-]{subsection.2.1.2}{Verarbeitung akustischer Signale vom zentralen Nervensystem}{section.2.1}% 5
\BOOKMARK [1][-]{section.2.2}{R\344umliche Wahrnehmung}{chapter.2}% 6
\BOOKMARK [2][-]{subsection.2.2.1}{Kopfbezogene \334bertragungsfunktionen}{section.2.2}% 7
\BOOKMARK [2][-]{subsection.2.2.2}{Gr\366\337en des binauralen H\366rens}{section.2.2}% 8
\BOOKMARK [2][-]{subsection.2.2.3}{Schallquellenlokalisation}{section.2.2}% 9
\BOOKMARK [2][-]{subsection.2.2.4}{Im-Kopf-Lokalisation}{section.2.2}% 10
\BOOKMARK [2][-]{subsection.2.2.5}{Schallquellenortung bei mehreren Schallquellen}{section.2.2}% 11
\BOOKMARK [1][-]{section.2.3}{Zusammenspiel mehrerer Sinnesreize}{chapter.2}% 12
\BOOKMARK [2][-]{subsection.2.3.1}{Einfluss des Visuellen auf die auditive Wahrnehmung}{section.2.3}% 13
\BOOKMARK [2][-]{subsection.2.3.2}{H\366rausrichtung an Blickrichtung}{section.2.3}% 14
\BOOKMARK [2][-]{subsection.2.3.3}{Bauchredner-Effekt}{section.2.3}% 15
\BOOKMARK [1][-]{section.2.4}{Wohlbefinden bei akustischen Szenen}{chapter.2}% 16
\BOOKMARK [2][-]{subsection.2.4.1}{Immersion}{section.2.4}% 17
\BOOKMARK [2][-]{subsection.2.4.2}{Das Uncanny Valley und der Bezug zur Immersion bei VR und AR}{section.2.4}% 18
\BOOKMARK [0][-]{chapter.3}{Technische Grundlagen}{}% 19
\BOOKMARK [1][-]{section.3.1}{Augmented Reality}{chapter.3}% 20
\BOOKMARK [2][-]{subsection.3.1.1}{Microsoft Mixed Reality}{section.3.1}% 21
\BOOKMARK [1][-]{section.3.2}{Microsoft HoloLens}{chapter.3}% 22
\BOOKMARK [2][-]{subsection.3.2.1}{Head-Mounted-Displays}{section.3.2}% 23
\BOOKMARK [2][-]{subsection.3.2.2}{Kopfh\366rer der HoloLens}{section.3.2}% 24
\BOOKMARK [2][-]{subsection.3.2.3}{Head-Tracking-Funktion}{section.3.2}% 25
\BOOKMARK [1][-]{section.3.3}{Binaurale Wiedergabe}{chapter.3}% 26
\BOOKMARK [2][-]{subsection.3.3.1}{Kopfbezogene \334bertragungsfunktionen - MS HRTF Spatializer}{section.3.3}% 27
\BOOKMARK [2][-]{subsection.3.3.2}{Auralisation}{section.3.3}% 28
\BOOKMARK [1][-]{section.3.4}{Software}{chapter.3}% 29
\BOOKMARK [2][-]{subsection.3.4.1}{Blender}{section.3.4}% 30
\BOOKMARK [2][-]{subsection.3.4.2}{Unity}{section.3.4}% 31
\BOOKMARK [0][-]{chapter.4}{Vorstellung der HoloLens-Applikation und des H\366rversuches}{}% 32
\BOOKMARK [1][-]{section.4.1}{Versuchsidee}{chapter.4}% 33
\BOOKMARK [1][-]{section.4.2}{Die virtuelle Welt}{chapter.4}% 34
\BOOKMARK [2][-]{subsection.4.2.1}{Dorf}{section.4.2}% 35
\BOOKMARK [2][-]{subsection.4.2.2}{Wald}{section.4.2}% 36
\BOOKMARK [2][-]{subsection.4.2.3}{Gebirge und Fluss}{section.4.2}% 37
\BOOKMARK [1][-]{section.4.3}{Audio-Einstellungen in der Applikation}{chapter.4}% 38
\BOOKMARK [2][-]{subsection.4.3.1}{Binauralisierung in der Applikation}{section.4.3}% 39
\BOOKMARK [2][-]{subsection.4.3.2}{Auralisierung in der Applikation}{section.4.3}% 40
\BOOKMARK [1][-]{section.4.4}{Beschreibung der Szenen des H\366rversuchs}{chapter.4}% 41
\BOOKMARK [2][-]{subsection.4.4.1}{Szene 1: Adlerschrei im Gebirge}{section.4.4}% 42
\BOOKMARK [2][-]{subsection.4.4.2}{Szene 2: Wolfsheulen}{section.4.4}% 43
\BOOKMARK [2][-]{subsection.4.4.3}{Szene 3: Kirchenglocken}{section.4.4}% 44
\BOOKMARK [2][-]{subsection.4.4.4}{Szene 4: Adlerschrei \374ber dem Probanden}{section.4.4}% 45
\BOOKMARK [2][-]{subsection.4.4.5}{Szene 5: Flussrauschen}{section.4.4}% 46
\BOOKMARK [1][-]{section.4.5}{Bewertungskriterien der Darbietung}{chapter.4}% 47
\BOOKMARK [1][-]{section.4.6}{Beschreibung der Benutzeroberfl\344che}{chapter.4}% 48
\BOOKMARK [1][-]{section.4.7}{Ablauf des H\366rversuchs}{chapter.4}% 49
\BOOKMARK [1][-]{section.4.8}{Probanden}{chapter.4}% 50
\BOOKMARK [0][-]{chapter.5}{Auswertung des H\366rversuchs}{}% 51
\BOOKMARK [1][-]{section.5.1}{Versuchsergebnisse}{chapter.5}% 52
\BOOKMARK [2][-]{subsection.5.1.1}{Szene 1: Adlerschrei im Gebirge}{section.5.1}% 53
\BOOKMARK [2][-]{subsection.5.1.2}{Szene 2: Wolfsheulen}{section.5.1}% 54
\BOOKMARK [2][-]{subsection.5.1.3}{Szene 3: Kirchenglocken}{section.5.1}% 55
\BOOKMARK [2][-]{subsection.5.1.4}{Szene 4: Adlerschrei \374ber dem Probanden}{section.5.1}% 56
\BOOKMARK [2][-]{subsection.5.1.5}{Szene 5: Flussrauschen}{section.5.1}% 57
\BOOKMARK [1][-]{section.5.2}{Versuchskritik}{chapter.5}% 58
\BOOKMARK [0][-]{chapter.6}{Zusammenfassung und Ausblick}{}% 59
